<?xml version="1.0" encoding="UTF-8"?>
<testng-results skipped="0" failed="0" total="4" passed="4">
  <reporter-output>
  </reporter-output>
  <suite name="cse.maven.sample.NicInterpreterTest" duration-ms="101" started-at="2013-09-12T04:36:40Z" finished-at="2013-09-12T04:36:40Z">
    <groups>
    </groups>
    <test name="Command line test" duration-ms="101" started-at="2013-09-12T04:36:40Z" finished-at="2013-09-12T04:36:40Z">
      <class name="cse.maven.sample.NicInterpreterTest">
        <test-method status="PASS" signature="setUp()[pri:0, instance:cse.maven.sample.NicInterpreterTest@141d19]" name="setUp" is-config="true" duration-ms="13" started-at="2013-09-12T10:06:40Z" finished-at="2013-09-12T10:06:40Z">
          <reporter-output>
          </reporter-output>
        </test-method> <!-- setUp -->
        <test-method status="PASS" signature="createNICTest1()[pri:0, instance:cse.maven.sample.NicInterpreterTest@141d19]" name="createNICTest1" duration-ms="77" started-at="2013-09-12T10:06:40Z" finished-at="2013-09-12T10:06:40Z">
          <reporter-output>
          </reporter-output>
        </test-method> <!-- createNICTest1 -->
        <test-method status="PASS" signature="createNICTest2()[pri:0, instance:cse.maven.sample.NicInterpreterTest@141d19]" name="createNICTest2" duration-ms="0" started-at="2013-09-12T10:06:40Z" finished-at="2013-09-12T10:06:40Z">
          <reporter-output>
          </reporter-output>
        </test-method> <!-- createNICTest2 -->
        <test-method status="PASS" signature="createNICTest3()[pri:0, instance:cse.maven.sample.NicInterpreterTest@141d19]" name="createNICTest3" duration-ms="1" started-at="2013-09-12T10:06:40Z" finished-at="2013-09-12T10:06:40Z">
          <reporter-output>
          </reporter-output>
        </test-method> <!-- createNICTest3 -->
        <test-method status="PASS" signature="createNICTest4()[pri:0, instance:cse.maven.sample.NicInterpreterTest@141d19]" name="createNICTest4" duration-ms="0" started-at="2013-09-12T10:06:40Z" finished-at="2013-09-12T10:06:40Z">
          <reporter-output>
          </reporter-output>
        </test-method> <!-- createNICTest4 -->
      </class> <!-- cse.maven.sample.NicInterpreterTest -->
    </test> <!-- Command line test -->
  </suite> <!-- cse.maven.sample.NicInterpreterTest -->
</testng-results>
