<?xml version="1.0" encoding="UTF-8"?>
<!-- Generated by org.testng.reporters.JUnitXMLReporter -->
<testsuite hostname="Prakhash-PC" name="Command line test" tests="4" failures="0" timestamp="12 Sep 2013 04:36:40 GMT" time="0.101" errors="0">
  <testcase name="createNICTest1" time="0.077" classname="cse.maven.sample.NicInterpreterTest"/>
  <testcase name="createNICTest2" time="0.0" classname="cse.maven.sample.NicInterpreterTest"/>
  <testcase name="createNICTest3" time="0.001" classname="cse.maven.sample.NicInterpreterTest"/>
  <testcase name="createNICTest4" time="0.0" classname="cse.maven.sample.NicInterpreterTest"/>
</testsuite> <!-- Command line test -->
